{"C:\\Users\\trevo\\Desktop\\BCIT\\Landmarks\\Landmarks\\public\\javascripts\\FinalMainAppJavaScript.js": {"path":"C:\\Users\\trevo\\Desktop\\BCIT\\Landmarks\\Landmarks\\public\\javascripts\\FinalMainAppJavaScript.js","statementMap":{"0":{"start":{"line":9,"column":24},"end":{"line":9,"column":26}},"1":{"start":{"line":10,"column":22},"end":{"line":13,"column":10}},"2":{"start":{"line":23,"column":29},"end":{"line":25,"column":14}},"3":{"start":{"line":27,"column":12},"end":{"line":29,"column":15}},"4":{"start":{"line":28,"column":16},"end":{"line":28,"column":45}},"5":{"start":{"line":37,"column":30},"end":{"line":37,"column":76}},"6":{"start":{"line":38,"column":24},"end":{"line":38,"column":44}},"7":{"start":{"line":39,"column":12},"end":{"line":44,"column":10}},"8":{"start":{"line":40,"column":16},"end":{"line":43,"column":13}},"9":{"start":{"line":41,"column":34},"end":{"line":41,"column":64}},"10":{"start":{"line":42,"column":20},"end":{"line":42,"column":42}},"11":{"start":{"line":45,"column":12},"end":{"line":45,"column":204}},"12":{"start":{"line":46,"column":12},"end":{"line":46,"column":25}},"13":{"start":{"line":55,"column":32},"end":{"line":55,"column":34}},"14":{"start":{"line":56,"column":30},"end":{"line":56,"column":42}},"15":{"start":{"line":57,"column":16},"end":{"line":65,"column":17}},"16":{"start":{"line":58,"column":20},"end":{"line":64,"column":19}},"17":{"start":{"line":66,"column":16},"end":{"line":66,"column":39}},"18":{"start":{"line":70,"column":32},"end":{"line":70,"column":34}},"19":{"start":{"line":71,"column":16},"end":{"line":73,"column":17}},"20":{"start":{"line":72,"column":20},"end":{"line":72,"column":93}},"21":{"start":{"line":74,"column":16},"end":{"line":74,"column":38}},"22":{"start":{"line":78,"column":16},"end":{"line":162,"column":17}},"23":{"start":{"line":79,"column":33},"end":{"line":79,"column":49}},"24":{"start":{"line":80,"column":33},"end":{"line":80,"column":49}},"25":{"start":{"line":81,"column":33},"end":{"line":81,"column":49}},"26":{"start":{"line":82,"column":33},"end":{"line":82,"column":49}},"27":{"start":{"line":84,"column":20},"end":{"line":97,"column":21}},"28":{"start":{"line":85,"column":24},"end":{"line":87,"column":25}},"29":{"start":{"line":86,"column":28},"end":{"line":86,"column":53}},"30":{"start":{"line":88,"column":24},"end":{"line":90,"column":25}},"31":{"start":{"line":89,"column":28},"end":{"line":89,"column":53}},"32":{"start":{"line":91,"column":24},"end":{"line":93,"column":25}},"33":{"start":{"line":92,"column":28},"end":{"line":92,"column":53}},"34":{"start":{"line":94,"column":24},"end":{"line":96,"column":25}},"35":{"start":{"line":95,"column":28},"end":{"line":95,"column":53}},"36":{"start":{"line":98,"column":20},"end":{"line":98,"column":60}},"37":{"start":{"line":102,"column":36},"end":{"line":102,"column":87}},"38":{"start":{"line":107,"column":34},"end":{"line":107,"column":35}},"39":{"start":{"line":108,"column":35},"end":{"line":108,"column":58}},"40":{"start":{"line":109,"column":35},"end":{"line":109,"column":58}},"41":{"start":{"line":110,"column":20},"end":{"line":110,"column":50}},"42":{"start":{"line":112,"column":20},"end":{"line":157,"column":21}},"43":{"start":{"line":113,"column":24},"end":{"line":113,"column":35}},"44":{"start":{"line":115,"column":25},"end":{"line":157,"column":21}},"45":{"start":{"line":116,"column":24},"end":{"line":116,"column":35}},"46":{"start":{"line":118,"column":25},"end":{"line":157,"column":21}},"47":{"start":{"line":119,"column":24},"end":{"line":119,"column":35}},"48":{"start":{"line":121,"column":25},"end":{"line":157,"column":21}},"49":{"start":{"line":122,"column":24},"end":{"line":122,"column":35}},"50":{"start":{"line":124,"column":25},"end":{"line":157,"column":21}},"51":{"start":{"line":125,"column":24},"end":{"line":125,"column":35}},"52":{"start":{"line":127,"column":25},"end":{"line":157,"column":21}},"53":{"start":{"line":128,"column":24},"end":{"line":128,"column":35}},"54":{"start":{"line":131,"column":25},"end":{"line":157,"column":21}},"55":{"start":{"line":132,"column":24},"end":{"line":132,"column":35}},"56":{"start":{"line":135,"column":25},"end":{"line":157,"column":21}},"57":{"start":{"line":136,"column":24},"end":{"line":136,"column":35}},"58":{"start":{"line":139,"column":25},"end":{"line":157,"column":21}},"59":{"start":{"line":140,"column":24},"end":{"line":140,"column":36}},"60":{"start":{"line":143,"column":25},"end":{"line":157,"column":21}},"61":{"start":{"line":144,"column":24},"end":{"line":144,"column":36}},"62":{"start":{"line":147,"column":25},"end":{"line":157,"column":21}},"63":{"start":{"line":148,"column":24},"end":{"line":148,"column":36}},"64":{"start":{"line":151,"column":25},"end":{"line":157,"column":21}},"65":{"start":{"line":152,"column":24},"end":{"line":152,"column":36}},"66":{"start":{"line":156,"column":24},"end":{"line":156,"column":36}},"67":{"start":{"line":159,"column":20},"end":{"line":159,"column":46}},"68":{"start":{"line":160,"column":20},"end":{"line":160,"column":32}},"69":{"start":{"line":161,"column":20},"end":{"line":161,"column":69}},"70":{"start":{"line":167,"column":21},"end":{"line":170,"column":13}},"71":{"start":{"line":171,"column":12},"end":{"line":178,"column":13}},"72":{"start":{"line":172,"column":16},"end":{"line":176,"column":19}},"73":{"start":{"line":177,"column":16},"end":{"line":177,"column":110}},"74":{"start":{"line":188,"column":2},"end":{"line":197,"column":5}},"75":{"start":{"line":189,"column":4},"end":{"line":189,"column":15}},"76":{"start":{"line":191,"column":6},"end":{"line":195,"column":7}},"77":{"start":{"line":192,"column":8},"end":{"line":194,"column":9}},"78":{"start":{"line":193,"column":10},"end":{"line":193,"column":21}},"79":{"start":{"line":196,"column":6},"end":{"line":196,"column":18}},"80":{"start":{"line":200,"column":0},"end":{"line":206,"column":1}}},"fnMap":{"0":{"name":"initMap","decl":{"start":{"line":8,"column":17},"end":{"line":8,"column":24}},"loc":{"start":{"line":8,"column":27},"end":{"line":14,"column":13}},"line":8},"1":{"name":"addInfoWindow","decl":{"start":{"line":21,"column":17},"end":{"line":21,"column":30}},"loc":{"start":{"line":21,"column":48},"end":{"line":30,"column":9}},"line":21},"2":{"name":"(anonymous_2)","decl":{"start":{"line":27,"column":59},"end":{"line":27,"column":60}},"loc":{"start":{"line":27,"column":71},"end":{"line":29,"column":13}},"line":27},"3":{"name":"loadDoc","decl":{"start":{"line":36,"column":17},"end":{"line":36,"column":24}},"loc":{"start":{"line":36,"column":26},"end":{"line":47,"column":5}},"line":36},"4":{"name":"(anonymous_4)","decl":{"start":{"line":39,"column":39},"end":{"line":39,"column":40}},"loc":{"start":{"line":39,"column":49},"end":{"line":44,"column":9}},"line":39},"5":{"name":"getLandmarks","decl":{"start":{"line":54,"column":21},"end":{"line":54,"column":33}},"loc":{"start":{"line":54,"column":39},"end":{"line":179,"column":9}},"line":54},"6":{"name":"check","decl":{"start":{"line":187,"column":9},"end":{"line":187,"column":14}},"loc":{"start":{"line":187,"column":28},"end":{"line":198,"column":1}},"line":187}},"branchMap":{"0":{"loc":{"start":{"line":40,"column":16},"end":{"line":43,"column":13}},"type":"if","locations":[{"start":{"line":40,"column":16},"end":{"line":43,"column":13}},{"start":{"line":40,"column":16},"end":{"line":43,"column":13}}],"line":40},"1":{"loc":{"start":{"line":40,"column":20},"end":{"line":40,"column":62}},"type":"binary-expr","locations":[{"start":{"line":40,"column":20},"end":{"line":40,"column":40}},{"start":{"line":40,"column":44},"end":{"line":40,"column":62}}],"line":40},"2":{"loc":{"start":{"line":78,"column":16},"end":{"line":162,"column":17}},"type":"if","locations":[{"start":{"line":78,"column":16},"end":{"line":162,"column":17}},{"start":{"line":78,"column":16},"end":{"line":162,"column":17}}],"line":78},"3":{"loc":{"start":{"line":85,"column":24},"end":{"line":87,"column":25}},"type":"if","locations":[{"start":{"line":85,"column":24},"end":{"line":87,"column":25}},{"start":{"line":85,"column":24},"end":{"line":87,"column":25}}],"line":85},"4":{"loc":{"start":{"line":88,"column":24},"end":{"line":90,"column":25}},"type":"if","locations":[{"start":{"line":88,"column":24},"end":{"line":90,"column":25}},{"start":{"line":88,"column":24},"end":{"line":90,"column":25}}],"line":88},"5":{"loc":{"start":{"line":91,"column":24},"end":{"line":93,"column":25}},"type":"if","locations":[{"start":{"line":91,"column":24},"end":{"line":93,"column":25}},{"start":{"line":91,"column":24},"end":{"line":93,"column":25}}],"line":91},"6":{"loc":{"start":{"line":94,"column":24},"end":{"line":96,"column":25}},"type":"if","locations":[{"start":{"line":94,"column":24},"end":{"line":96,"column":25}},{"start":{"line":94,"column":24},"end":{"line":96,"column":25}}],"line":94},"7":{"loc":{"start":{"line":112,"column":20},"end":{"line":157,"column":21}},"type":"if","locations":[{"start":{"line":112,"column":20},"end":{"line":157,"column":21}},{"start":{"line":112,"column":20},"end":{"line":157,"column":21}}],"line":112},"8":{"loc":{"start":{"line":112,"column":24},"end":{"line":112,"column":56}},"type":"binary-expr","locations":[{"start":{"line":112,"column":24},"end":{"line":112,"column":38}},{"start":{"line":112,"column":42},"end":{"line":112,"column":56}}],"line":112},"9":{"loc":{"start":{"line":115,"column":25},"end":{"line":157,"column":21}},"type":"if","locations":[{"start":{"line":115,"column":25},"end":{"line":157,"column":21}},{"start":{"line":115,"column":25},"end":{"line":157,"column":21}}],"line":115},"10":{"loc":{"start":{"line":115,"column":29},"end":{"line":115,"column":59}},"type":"binary-expr","locations":[{"start":{"line":115,"column":29},"end":{"line":115,"column":42}},{"start":{"line":115,"column":46},"end":{"line":115,"column":59}}],"line":115},"11":{"loc":{"start":{"line":118,"column":25},"end":{"line":157,"column":21}},"type":"if","locations":[{"start":{"line":118,"column":25},"end":{"line":157,"column":21}},{"start":{"line":118,"column":25},"end":{"line":157,"column":21}}],"line":118},"12":{"loc":{"start":{"line":118,"column":29},"end":{"line":118,"column":59}},"type":"binary-expr","locations":[{"start":{"line":118,"column":29},"end":{"line":118,"column":42}},{"start":{"line":118,"column":46},"end":{"line":118,"column":59}}],"line":118},"13":{"loc":{"start":{"line":121,"column":25},"end":{"line":157,"column":21}},"type":"if","locations":[{"start":{"line":121,"column":25},"end":{"line":157,"column":21}},{"start":{"line":121,"column":25},"end":{"line":157,"column":21}}],"line":121},"14":{"loc":{"start":{"line":121,"column":29},"end":{"line":121,"column":57}},"type":"binary-expr","locations":[{"start":{"line":121,"column":29},"end":{"line":121,"column":41}},{"start":{"line":121,"column":45},"end":{"line":121,"column":57}}],"line":121},"15":{"loc":{"start":{"line":124,"column":25},"end":{"line":157,"column":21}},"type":"if","locations":[{"start":{"line":124,"column":25},"end":{"line":157,"column":21}},{"start":{"line":124,"column":25},"end":{"line":157,"column":21}}],"line":124},"16":{"loc":{"start":{"line":124,"column":29},"end":{"line":124,"column":57}},"type":"binary-expr","locations":[{"start":{"line":124,"column":29},"end":{"line":124,"column":41}},{"start":{"line":124,"column":45},"end":{"line":124,"column":57}}],"line":124},"17":{"loc":{"start":{"line":127,"column":25},"end":{"line":157,"column":21}},"type":"if","locations":[{"start":{"line":127,"column":25},"end":{"line":157,"column":21}},{"start":{"line":127,"column":25},"end":{"line":157,"column":21}}],"line":127},"18":{"loc":{"start":{"line":127,"column":29},"end":{"line":127,"column":57}},"type":"binary-expr","locations":[{"start":{"line":127,"column":29},"end":{"line":127,"column":41}},{"start":{"line":127,"column":45},"end":{"line":127,"column":57}}],"line":127},"19":{"loc":{"start":{"line":131,"column":25},"end":{"line":157,"column":21}},"type":"if","locations":[{"start":{"line":131,"column":25},"end":{"line":157,"column":21}},{"start":{"line":131,"column":25},"end":{"line":157,"column":21}}],"line":131},"20":{"loc":{"start":{"line":131,"column":29},"end":{"line":131,"column":57}},"type":"binary-expr","locations":[{"start":{"line":131,"column":29},"end":{"line":131,"column":41}},{"start":{"line":131,"column":45},"end":{"line":131,"column":57}}],"line":131},"21":{"loc":{"start":{"line":135,"column":25},"end":{"line":157,"column":21}},"type":"if","locations":[{"start":{"line":135,"column":25},"end":{"line":157,"column":21}},{"start":{"line":135,"column":25},"end":{"line":157,"column":21}}],"line":135},"22":{"loc":{"start":{"line":135,"column":29},"end":{"line":135,"column":61}},"type":"binary-expr","locations":[{"start":{"line":135,"column":29},"end":{"line":135,"column":43}},{"start":{"line":135,"column":47},"end":{"line":135,"column":61}}],"line":135},"23":{"loc":{"start":{"line":139,"column":25},"end":{"line":157,"column":21}},"type":"if","locations":[{"start":{"line":139,"column":25},"end":{"line":157,"column":21}},{"start":{"line":139,"column":25},"end":{"line":157,"column":21}}],"line":139},"24":{"loc":{"start":{"line":139,"column":29},"end":{"line":139,"column":61}},"type":"binary-expr","locations":[{"start":{"line":139,"column":29},"end":{"line":139,"column":43}},{"start":{"line":139,"column":47},"end":{"line":139,"column":61}}],"line":139},"25":{"loc":{"start":{"line":143,"column":25},"end":{"line":157,"column":21}},"type":"if","locations":[{"start":{"line":143,"column":25},"end":{"line":157,"column":21}},{"start":{"line":143,"column":25},"end":{"line":157,"column":21}}],"line":143},"26":{"loc":{"start":{"line":143,"column":29},"end":{"line":143,"column":61}},"type":"binary-expr","locations":[{"start":{"line":143,"column":29},"end":{"line":143,"column":43}},{"start":{"line":143,"column":47},"end":{"line":143,"column":61}}],"line":143},"27":{"loc":{"start":{"line":147,"column":25},"end":{"line":157,"column":21}},"type":"if","locations":[{"start":{"line":147,"column":25},"end":{"line":157,"column":21}},{"start":{"line":147,"column":25},"end":{"line":157,"column":21}}],"line":147},"28":{"loc":{"start":{"line":147,"column":29},"end":{"line":147,"column":63}},"type":"binary-expr","locations":[{"start":{"line":147,"column":29},"end":{"line":147,"column":44}},{"start":{"line":147,"column":48},"end":{"line":147,"column":63}}],"line":147},"29":{"loc":{"start":{"line":151,"column":25},"end":{"line":157,"column":21}},"type":"if","locations":[{"start":{"line":151,"column":25},"end":{"line":157,"column":21}},{"start":{"line":151,"column":25},"end":{"line":157,"column":21}}],"line":151},"30":{"loc":{"start":{"line":151,"column":29},"end":{"line":151,"column":65}},"type":"binary-expr","locations":[{"start":{"line":151,"column":29},"end":{"line":151,"column":45}},{"start":{"line":151,"column":49},"end":{"line":151,"column":65}}],"line":151},"31":{"loc":{"start":{"line":188,"column":2},"end":{"line":197,"column":5}},"type":"if","locations":[{"start":{"line":188,"column":2},"end":{"line":197,"column":5}},{"start":{"line":188,"column":2},"end":{"line":197,"column":5}}],"line":188},"32":{"loc":{"start":{"line":192,"column":8},"end":{"line":194,"column":9}},"type":"if","locations":[{"start":{"line":192,"column":8},"end":{"line":194,"column":9}},{"start":{"line":192,"column":8},"end":{"line":194,"column":9}}],"line":192}},"s":{"0":0,"1":0,"2":0,"3":0,"4":0,"5":0,"6":0,"7":0,"8":0,"9":0,"10":0,"11":0,"12":0,"13":0,"14":0,"15":0,"16":0,"17":0,"18":0,"19":0,"20":0,"21":0,"22":0,"23":0,"24":0,"25":0,"26":0,"27":0,"28":0,"29":0,"30":0,"31":0,"32":0,"33":0,"34":0,"35":0,"36":0,"37":0,"38":0,"39":0,"40":0,"41":0,"42":0,"43":0,"44":0,"45":0,"46":0,"47":0,"48":0,"49":0,"50":0,"51":0,"52":0,"53":0,"54":0,"55":0,"56":0,"57":0,"58":0,"59":0,"60":0,"61":0,"62":0,"63":0,"64":0,"65":0,"66":0,"67":0,"68":0,"69":0,"70":0,"71":0,"72":0,"73":0,"74":4,"75":1,"76":3,"77":5,"78":2,"79":1,"80":1},"f":{"0":0,"1":0,"2":0,"3":0,"4":0,"5":0,"6":4},"b":{"0":[0,0],"1":[0,0],"2":[0,0],"3":[0,0],"4":[0,0],"5":[0,0],"6":[0,0],"7":[0,0],"8":[0,0],"9":[0,0],"10":[0,0],"11":[0,0],"12":[0,0],"13":[0,0],"14":[0,0],"15":[0,0],"16":[0,0],"17":[0,0],"18":[0,0],"19":[0,0],"20":[0,0],"21":[0,0],"22":[0,0],"23":[0,0],"24":[0,0],"25":[0,0],"26":[0,0],"27":[0,0],"28":[0,0],"29":[0,0],"30":[0,0],"31":[1,3],"32":[2,3]},"_coverageSchema":"332fd63041d2c1bcb487cc26dd0d5f7d97098a6c","hash":"9cfd39af5babfbc3b7bbddda3d204788649d9878"}
}
